Build started 1/16/2017 2:28:45 PM.
     1>Project "C:\Users\ybaimbetov\Documents\Visual Studio 2013\Projects\Liberti_21\Liberti_21_lesson_15_delegation\Liberti_21_lesson_15_delegation.vcxproj" on node 2 (Build target(s)).
     1>ClCompile:
         C:\Program Files (x86)\Microsoft Visual Studio 12.0\VC\bin\CL.exe /c /ZI /nologo /W3 /WX- /sdl /Od /Oy- /D WIN32 /D _DEBUG /D _CONSOLE /D _LIB /D _UNICODE /D UNICODE /Gm /EHsc /RTC1 /MDd /GS /fp:precise /Zc:wchar_t /Zc:forScope /Yu"stdafx.h" /Fp"Debug\Liberti_21_lesson_15_delegation.pch" /Fo"Debug\\" /Fd"Debug\vc120.pdb" /Gd /TP /analyze- /errorReport:prompt Liberti_21_lesson_15_delegation.cpp PartsCatalogs.cpp
         PartsCatalogs.cpp
         Generating Code...
         Compiling...
         Liberti_21_lesson_15_delegation.cpp
         Generating Code...
       Link:
         C:\Program Files (x86)\Microsoft Visual Studio 12.0\VC\bin\link.exe /ERRORREPORT:PROMPT /OUT:"C:\Users\ybaimbetov\Documents\Visual Studio 2013\Projects\Liberti_21\Debug\Liberti_21_lesson_15_delegation.exe" /INCREMENTAL /NOLOGO kernel32.lib user32.lib gdi32.lib winspool.lib comdlg32.lib advapi32.lib shell32.lib ole32.lib oleaut32.lib uuid.lib odbc32.lib odbccp32.lib /MANIFEST /MANIFESTUAC:"level='asInvoker' uiAccess='false'" /manifest:embed /DEBUG /PDB:"C:\Users\ybaimbetov\Documents\Visual Studio 2013\Projects\Liberti_21\Debug\Liberti_21_lesson_15_delegation.pdb" /SUBSYSTEM:CONSOLE /TLBID:1 /DYNAMICBASE /NXCOMPAT /IMPLIB:"C:\Users\ybaimbetov\Documents\Visual Studio 2013\Projects\Liberti_21\Debug\Liberti_21_lesson_15_delegation.lib" /MACHINE:X86 Debug\AirPlane.obj
         Debug\CarPart.obj
         Debug\Liberti_21_lesson_15_delegation.obj
         Debug\part.obj
         Debug\PartNode.obj
         Debug\PartsCatalogs.obj
         Debug\PartsList.obj
         Debug\stdafx.obj
         Liberti_21_lesson_15_delegation.vcxproj -> C:\Users\ybaimbetov\Documents\Visual Studio 2013\Projects\Liberti_21\Debug\Liberti_21_lesson_15_delegation.exe
     1>Done Building Project "C:\Users\ybaimbetov\Documents\Visual Studio 2013\Projects\Liberti_21\Liberti_21_lesson_15_delegation\Liberti_21_lesson_15_delegation.vcxproj" (Build target(s)).

Build succeeded.

Time Elapsed 00:00:01.11
